  Building Custom Rule C:/VR/libjpeg-turbo-master/sharedlib/CMakeLists.txt
  CMake does not need to re-run because C:/VR/libjpeg-turbo-master/build/sharedlib/CMakeFiles/generate.stamp is up-to-date.
  jcapimin.c
  jcapistd.c
  jccoefct.c
  jccolor.c
  jcdctmgr.c
  jchuff.c
  jcicc.c
  jcinit.c
  jcmainct.c
  jcmarker.c
  jcmaster.c
  jcomapi.c
  jcparam.c
  jcphuff.c
  jcprepct.c
  jcsample.c
  jctrans.c
  jdapimin.c
  jdapistd.c
  jdatadst.c
  正在生成代码...
  正在编译...
  jdatasrc.c
  jdcoefct.c
  jdcolor.c
  jddctmgr.c
  jdhuff.c
  jdicc.c
  jdinput.c
  jdmainct.c
  jdmarker.c
  jdmaster.c
  jdmerge.c
  jdphuff.c
  jdpostct.c
  jdsample.c
  jdtrans.c
  jerror.c
  jfdctflt.c
  jfdctfst.c
  jfdctint.c
  jidctflt.c
  正在生成代码...
  正在编译...
  jidctfst.c
  jidctint.c
  jidctred.c
  jquant1.c
  jquant2.c
  jutils.c
  jmemmgr.c
  jmemnobs.c
  jaricom.c
  jcarith.c
  jdarith.c
  正在生成代码...
    正在创建库 C:/VR/libjpeg-turbo-master/build/Debug/jpeg.lib 和对象 C:/VR/libjpeg-turbo-master/build/Debug/jpeg.exp
  jpeg.vcxproj -> C:\VR\libjpeg-turbo-master\build\Debug\jpeg8.dll
