c:\vr\jrtplib-3.11.1\build\src\jrtplib-static.dir\release\rtplibraryversion.obj
c:\vr\jrtplib-3.11.1\build\src\jrtplib-static.dir\release\rtpipv6destination.obj
c:\vr\jrtplib-3.11.1\build\src\jrtplib-static.dir\release\rtpipv4destination.obj
c:\vr\jrtplib-3.11.1\build\src\jrtplib-static.dir\release\rtpipv6address.obj
c:\vr\jrtplib-3.11.1\build\src\jrtplib-static.dir\release\rtpipv4address.obj
c:\vr\jrtplib-3.11.1\build\src\jrtplib-static.dir\release\rtpinternalsourcedata.obj
c:\vr\jrtplib-3.11.1\build\src\jrtplib-static.dir\release\rtperrors.obj
c:\vr\jrtplib-3.11.1\build\src\jrtplib-static.dir\release\rtpdebug.obj
c:\vr\jrtplib-3.11.1\build\src\jrtplib-static.dir\release\rtpcollisionlist.obj
c:\vr\jrtplib-3.11.1\build\src\jrtplib-static.dir\release\rtcpsrpacket.obj
c:\vr\jrtplib-3.11.1\build\src\jrtplib-static.dir\release\rtcpsdespacket.obj
c:\vr\jrtplib-3.11.1\build\src\jrtplib-static.dir\release\rtcpsdesinfo.obj
c:\vr\jrtplib-3.11.1\build\src\jrtplib-static.dir\release\rtcpscheduler.obj
c:\vr\jrtplib-3.11.1\build\src\jrtplib-static.dir\release\rtcprrpacket.obj
c:\vr\jrtplib-3.11.1\build\src\jrtplib-static.dir\release\rtcppacketbuilder.obj
c:\vr\jrtplib-3.11.1\build\src\jrtplib-static.dir\release\rtcppacket.obj
c:\vr\jrtplib-3.11.1\build\src\jrtplib-static.dir\release\rtcpcompoundpacketbuilder.obj
c:\vr\jrtplib-3.11.1\build\src\jrtplib-static.dir\release\rtcpcompoundpacket.obj
c:\vr\jrtplib-3.11.1\build\src\jrtplib-static.dir\release\rtcpbyepacket.obj
c:\vr\jrtplib-3.11.1\build\src\jrtplib-static.dir\release\rtcpapppacket.obj
c:\vr\jrtplib-3.11.1\build\src\jrtplib-static.dir\release\rtptcpaddress.obj
c:\vr\jrtplib-3.11.1\build\src\jrtplib-static.dir\release\rtpabortdescriptors.obj
c:\vr\jrtplib-3.11.1\build\src\jrtplib-static.dir\release\rtpsecuresession.obj
c:\vr\jrtplib-3.11.1\build\src\jrtplib-static.dir\release\rtpexternaltransmitter.obj
c:\vr\jrtplib-3.11.1\build\src\jrtplib-static.dir\release\rtpbyteaddress.obj
c:\vr\jrtplib-3.11.1\build\src\jrtplib-static.dir\release\rtpudpv6transmitter.obj
c:\vr\jrtplib-3.11.1\build\src\jrtplib-static.dir\release\rtpudpv4transmitter.obj
c:\vr\jrtplib-3.11.1\build\src\jrtplib-static.dir\release\rtptimeutilities.obj
c:\vr\jrtplib-3.11.1\build\src\jrtplib-static.dir\release\rtpsources.obj
c:\vr\jrtplib-3.11.1\build\src\jrtplib-static.dir\release\rtpsourcedata.obj
c:\vr\jrtplib-3.11.1\build\src\jrtplib-static.dir\release\rtpsessionsources.obj
c:\vr\jrtplib-3.11.1\build\src\jrtplib-static.dir\release\rtpsessionparams.obj
c:\vr\jrtplib-3.11.1\build\src\jrtplib-static.dir\release\rtpsession.obj
c:\vr\jrtplib-3.11.1\build\src\jrtplib-static.dir\release\rtprandomurandom.obj
c:\vr\jrtplib-3.11.1\build\src\jrtplib-static.dir\release\rtprandomrands.obj
c:\vr\jrtplib-3.11.1\build\src\jrtplib-static.dir\release\rtprandomrand48.obj
c:\vr\jrtplib-3.11.1\build\src\jrtplib-static.dir\release\rtprandom.obj
c:\vr\jrtplib-3.11.1\build\src\jrtplib-static.dir\release\rtppollthread.obj
c:\vr\jrtplib-3.11.1\build\src\jrtplib-static.dir\release\rtppacketbuilder.obj
c:\vr\jrtplib-3.11.1\build\src\jrtplib-static.dir\release\rtppacket.obj
c:\vr\jrtplib-3.11.1\build\src\jrtplib-static.dir\release\rtptcptransmitter.obj
c:\vr\jrtplib-3.11.1\build\src\cmakefiles\generate.stamp
c:\vr\jrtplib-3.11.1\build\src\release\jrtplib.lib
c:\vr\jrtplib-3.11.1\build\src\jrtplib-static.dir\release\jrtplib-static.tlog\cl.command.1.tlog
c:\vr\jrtplib-3.11.1\build\src\jrtplib-static.dir\release\jrtplib-static.tlog\cl.read.1.tlog
c:\vr\jrtplib-3.11.1\build\src\jrtplib-static.dir\release\jrtplib-static.tlog\cl.write.1.tlog
c:\vr\jrtplib-3.11.1\build\src\jrtplib-static.dir\release\jrtplib-static.tlog\custombuild.command.1.tlog
c:\vr\jrtplib-3.11.1\build\src\jrtplib-static.dir\release\jrtplib-static.tlog\custombuild.read.1.tlog
c:\vr\jrtplib-3.11.1\build\src\jrtplib-static.dir\release\jrtplib-static.tlog\custombuild.write.1.tlog
c:\vr\jrtplib-3.11.1\build\src\jrtplib-static.dir\release\jrtplib-static.tlog\lib-link.read.1.tlog
c:\vr\jrtplib-3.11.1\build\src\jrtplib-static.dir\release\jrtplib-static.tlog\lib-link.write.1.tlog
c:\vr\jrtplib-3.11.1\build\src\jrtplib-static.dir\release\jrtplib-static.tlog\lib.command.1.tlog
