c:\vr\libjpeg-turbo-master\build\turbojpeg-static.dir\debug\turbojpeg-static.pdb
c:\vr\libjpeg-turbo-master\build\turbojpeg-static.dir\debug\jdatadst.obj
c:\vr\libjpeg-turbo-master\build\turbojpeg-static.dir\debug\jdapistd.obj
c:\vr\libjpeg-turbo-master\build\turbojpeg-static.dir\debug\jdapimin.obj
c:\vr\libjpeg-turbo-master\build\turbojpeg-static.dir\debug\jctrans.obj
c:\vr\libjpeg-turbo-master\build\turbojpeg-static.dir\debug\jcsample.obj
c:\vr\libjpeg-turbo-master\build\turbojpeg-static.dir\debug\jcprepct.obj
c:\vr\libjpeg-turbo-master\build\turbojpeg-static.dir\debug\jcphuff.obj
c:\vr\libjpeg-turbo-master\build\turbojpeg-static.dir\debug\jcparam.obj
c:\vr\libjpeg-turbo-master\build\turbojpeg-static.dir\debug\jcomapi.obj
c:\vr\libjpeg-turbo-master\build\turbojpeg-static.dir\debug\jcmaster.obj
c:\vr\libjpeg-turbo-master\build\turbojpeg-static.dir\debug\jcmarker.obj
c:\vr\libjpeg-turbo-master\build\turbojpeg-static.dir\debug\jcmainct.obj
c:\vr\libjpeg-turbo-master\build\turbojpeg-static.dir\debug\jcinit.obj
c:\vr\libjpeg-turbo-master\build\turbojpeg-static.dir\debug\jcicc.obj
c:\vr\libjpeg-turbo-master\build\turbojpeg-static.dir\debug\jchuff.obj
c:\vr\libjpeg-turbo-master\build\turbojpeg-static.dir\debug\jcdctmgr.obj
c:\vr\libjpeg-turbo-master\build\turbojpeg-static.dir\debug\jccolor.obj
c:\vr\libjpeg-turbo-master\build\turbojpeg-static.dir\debug\jccoefct.obj
c:\vr\libjpeg-turbo-master\build\turbojpeg-static.dir\debug\jcapistd.obj
c:\vr\libjpeg-turbo-master\build\turbojpeg-static.dir\debug\jcapimin.obj
c:\vr\libjpeg-turbo-master\build\turbojpeg-static.dir\debug\jidctflt.obj
c:\vr\libjpeg-turbo-master\build\turbojpeg-static.dir\debug\jfdctint.obj
c:\vr\libjpeg-turbo-master\build\turbojpeg-static.dir\debug\jfdctfst.obj
c:\vr\libjpeg-turbo-master\build\turbojpeg-static.dir\debug\jfdctflt.obj
c:\vr\libjpeg-turbo-master\build\turbojpeg-static.dir\debug\jerror.obj
c:\vr\libjpeg-turbo-master\build\turbojpeg-static.dir\debug\jdtrans.obj
c:\vr\libjpeg-turbo-master\build\turbojpeg-static.dir\debug\jdsample.obj
c:\vr\libjpeg-turbo-master\build\turbojpeg-static.dir\debug\jdpostct.obj
c:\vr\libjpeg-turbo-master\build\turbojpeg-static.dir\debug\jdphuff.obj
c:\vr\libjpeg-turbo-master\build\turbojpeg-static.dir\debug\jdmerge.obj
c:\vr\libjpeg-turbo-master\build\turbojpeg-static.dir\debug\jdmaster.obj
c:\vr\libjpeg-turbo-master\build\turbojpeg-static.dir\debug\jdmarker.obj
c:\vr\libjpeg-turbo-master\build\turbojpeg-static.dir\debug\jdmainct.obj
c:\vr\libjpeg-turbo-master\build\turbojpeg-static.dir\debug\jdinput.obj
c:\vr\libjpeg-turbo-master\build\turbojpeg-static.dir\debug\jdicc.obj
c:\vr\libjpeg-turbo-master\build\turbojpeg-static.dir\debug\jdhuff.obj
c:\vr\libjpeg-turbo-master\build\turbojpeg-static.dir\debug\jddctmgr.obj
c:\vr\libjpeg-turbo-master\build\turbojpeg-static.dir\debug\jdcolor.obj
c:\vr\libjpeg-turbo-master\build\turbojpeg-static.dir\debug\jdcoefct.obj
c:\vr\libjpeg-turbo-master\build\turbojpeg-static.dir\debug\jdatasrc.obj
c:\vr\libjpeg-turbo-master\build\turbojpeg-static.dir\debug\wrppm.obj
c:\vr\libjpeg-turbo-master\build\turbojpeg-static.dir\debug\wrbmp.obj
c:\vr\libjpeg-turbo-master\build\turbojpeg-static.dir\debug\rdppm.obj
c:\vr\libjpeg-turbo-master\build\turbojpeg-static.dir\debug\rdbmp.obj
c:\vr\libjpeg-turbo-master\build\turbojpeg-static.dir\debug\jdatasrc-tj.obj
c:\vr\libjpeg-turbo-master\build\turbojpeg-static.dir\debug\jdatadst-tj.obj
c:\vr\libjpeg-turbo-master\build\turbojpeg-static.dir\debug\transupp.obj
c:\vr\libjpeg-turbo-master\build\turbojpeg-static.dir\debug\turbojpeg.obj
c:\vr\libjpeg-turbo-master\build\turbojpeg-static.dir\debug\jdarith.obj
c:\vr\libjpeg-turbo-master\build\turbojpeg-static.dir\debug\jcarith.obj
c:\vr\libjpeg-turbo-master\build\turbojpeg-static.dir\debug\jaricom.obj
c:\vr\libjpeg-turbo-master\build\turbojpeg-static.dir\debug\jmemnobs.obj
c:\vr\libjpeg-turbo-master\build\turbojpeg-static.dir\debug\jmemmgr.obj
c:\vr\libjpeg-turbo-master\build\turbojpeg-static.dir\debug\jutils.obj
c:\vr\libjpeg-turbo-master\build\turbojpeg-static.dir\debug\jquant2.obj
c:\vr\libjpeg-turbo-master\build\turbojpeg-static.dir\debug\jquant1.obj
c:\vr\libjpeg-turbo-master\build\turbojpeg-static.dir\debug\jidctred.obj
c:\vr\libjpeg-turbo-master\build\turbojpeg-static.dir\debug\jidctint.obj
c:\vr\libjpeg-turbo-master\build\turbojpeg-static.dir\debug\jidctfst.obj
c:\vr\libjpeg-turbo-master\build\cmakefiles\generate.stamp
c:\vr\libjpeg-turbo-master\build\turbojpeg-static.dir\debug\turbojpeg-static.tlog\cl.command.1.tlog
c:\vr\libjpeg-turbo-master\build\turbojpeg-static.dir\debug\turbojpeg-static.tlog\cl.read.1.tlog
c:\vr\libjpeg-turbo-master\build\turbojpeg-static.dir\debug\turbojpeg-static.tlog\cl.write.1.tlog
c:\vr\libjpeg-turbo-master\build\turbojpeg-static.dir\debug\turbojpeg-static.tlog\custombuild.command.1.tlog
c:\vr\libjpeg-turbo-master\build\turbojpeg-static.dir\debug\turbojpeg-static.tlog\custombuild.read.1.tlog
c:\vr\libjpeg-turbo-master\build\turbojpeg-static.dir\debug\turbojpeg-static.tlog\custombuild.write.1.tlog
c:\vr\libjpeg-turbo-master\build\turbojpeg-static.dir\debug\turbojpeg-static.tlog\lib-link.read.1.tlog
c:\vr\libjpeg-turbo-master\build\turbojpeg-static.dir\debug\turbojpeg-static.tlog\lib-link.write.1.tlog
c:\vr\libjpeg-turbo-master\build\turbojpeg-static.dir\debug\turbojpeg-static.tlog\lib.command.1.tlog
